<?xml version="1.0" encoding="UTF-8"?>
<testsuite name="com.media3watch.SessionIngestionTest" tests="3" skipped="0" failures="1" errors="0" timestamp="2026-02-15T10:39:57.801Z" hostname="runnervmjduv7" time="1.847">
  <properties/>
  <testcase name="test session is persisted to database()" classname="com.media3watch.SessionIngestionTest" time="1.609"/>
  <testcase name="test multiple sessions are persisted independently()" classname="com.media3watch.SessionIngestionTest" time="0.111"/>
  <testcase name="test invalid session is rejected and not persisted()" classname="com.media3watch.SessionIngestionTest" time="0.126">
    <failure message="org.opentest4j.AssertionFailedError: Invalid session should not be persisted ==&gt; expected: &lt;0&gt; but was: &lt;12&gt;" type="org.opentest4j.AssertionFailedError">org.opentest4j.AssertionFailedError: Invalid session should not be persisted ==&gt; expected: &lt;0&gt; but was: &lt;12&gt;
	at app//kotlin.test.junit5.JUnit5Asserter.assertEquals(JUnitSupport.kt:32)
	at app//kotlin.test.AssertionsKt__AssertionsKt.assertEquals(Assertions.kt:63)
	at app//kotlin.test.AssertionsKt.assertEquals(Unknown Source)
	at app//com.media3watch.SessionIngestionTest$test invalid session is rejected and not persisted$1.invokeSuspend(SessionIngestionTest.kt:150)
	at app//kotlin.coroutines.jvm.internal.BaseContinuationImpl.resumeWith(ContinuationImpl.kt:34)
	at app//kotlinx.coroutines.DispatchedTask.run(DispatchedTask.kt:100)
	at app//kotlinx.coroutines.internal.LimitedDispatcher$Worker.run(LimitedDispatcher.kt:124)
	at app//kotlinx.coroutines.scheduling.TaskImpl.run(Tasks.kt:89)
	at app//kotlinx.coroutines.scheduling.CoroutineScheduler.runSafely(CoroutineScheduler.kt:586)
	at app//kotlinx.coroutines.scheduling.CoroutineScheduler$Worker.executeTask(CoroutineScheduler.kt:829)
	at app//kotlinx.coroutines.scheduling.CoroutineScheduler$Worker.runWorker(CoroutineScheduler.kt:717)
	at app//kotlinx.coroutines.scheduling.CoroutineScheduler$Worker.run(CoroutineScheduler.kt:704)
</failure>
  </testcase>
  <system-out><![CDATA[2026-02-15 10:39:58,470 [DefaultDispatcher-worker-2 @call-context#3] INFO  io.ktor.test - No ktor.deployment.watch patterns specified, automatic reload is not active.
2026-02-15 10:39:58,481 [DefaultDispatcher-worker-2 @coroutine#4] INFO  com.media3watch.db.DatabaseFactory - Initializing HikariCP connection pool
2026-02-15 10:39:58,494 [DefaultDispatcher-worker-2 @coroutine#4] INFO  com.zaxxer.hikari.HikariDataSource - HikariPool-1 - Starting...
2026-02-15 10:39:58,696 [DefaultDispatcher-worker-2 @coroutine#4] INFO  com.zaxxer.hikari.pool.HikariPool - HikariPool-1 - Added connection org.postgresql.jdbc.PgConnection@754672c2
2026-02-15 10:39:58,698 [DefaultDispatcher-worker-2 @coroutine#4] INFO  com.zaxxer.hikari.HikariDataSource - HikariPool-1 - Start completed.
2026-02-15 10:39:58,698 [DefaultDispatcher-worker-2 @coroutine#4] INFO  com.media3watch.db.DatabaseFactory - Running Flyway database migrations
2026-02-15 10:39:58,960 [DefaultDispatcher-worker-2 @coroutine#4] INFO  org.flywaydb.core.FlywayExecutor - Database: jdbc:postgresql://localhost:5433/media3watch (PostgreSQL 16.12)
2026-02-15 10:39:59,053 [DefaultDispatcher-worker-2 @coroutine#4] INFO  o.f.core.internal.command.DbValidate - Successfully validated 2 migrations (execution time 00:00.036s)
2026-02-15 10:39:59,076 [DefaultDispatcher-worker-2 @coroutine#4] INFO  o.f.core.internal.command.DbMigrate - Current version of schema "public": 2
2026-02-15 10:39:59,080 [DefaultDispatcher-worker-2 @coroutine#4] INFO  o.f.core.internal.command.DbMigrate - Schema "public" is up to date. No migration necessary.
2026-02-15 10:39:59,095 [DefaultDispatcher-worker-2 @coroutine#4] INFO  com.media3watch.db.DatabaseFactory - Applied 0 migrations successfully
2026-02-15 10:39:59,238 [DefaultDispatcher-worker-2 @coroutine#4] INFO  Application - Application started successfully
2026-02-15 10:39:59,239 [DefaultDispatcher-worker-2 @call-context#3] INFO  io.ktor.test - Application started in 0.782 seconds.
2026-02-15 10:39:59,242 [DefaultDispatcher-worker-3 @coroutine#5] INFO  io.ktor.test - Responding at http://localhost:80
2026-02-15 10:39:59,242 [DefaultDispatcher-worker-3 @coroutine#5] INFO  io.ktor.test - Responding at https://localhost:443
2026-02-15 10:39:59,347 [DefaultDispatcher-worker-2 @request#3] INFO  io.ktor.test - POST /v1/sessions - 200 OK (87ms)
2026-02-15 10:39:59,416 [DefaultDispatcher-worker-2 @call-context#16] INFO  io.ktor.test - No ktor.deployment.watch patterns specified, automatic reload is not active.
2026-02-15 10:39:59,417 [DefaultDispatcher-worker-2 @coroutine#17] INFO  com.media3watch.db.DatabaseFactory - Initializing HikariCP connection pool
2026-02-15 10:39:59,417 [DefaultDispatcher-worker-2 @coroutine#17] INFO  com.zaxxer.hikari.HikariDataSource - HikariPool-2 - Starting...
2026-02-15 10:39:59,427 [DefaultDispatcher-worker-2 @coroutine#17] INFO  com.zaxxer.hikari.pool.HikariPool - HikariPool-2 - Added connection org.postgresql.jdbc.PgConnection@4a539f01
2026-02-15 10:39:59,427 [DefaultDispatcher-worker-2 @coroutine#17] INFO  com.zaxxer.hikari.HikariDataSource - HikariPool-2 - Start completed.
2026-02-15 10:39:59,427 [DefaultDispatcher-worker-2 @coroutine#17] INFO  com.media3watch.db.DatabaseFactory - Running Flyway database migrations
2026-02-15 10:39:59,440 [DefaultDispatcher-worker-2 @coroutine#17] INFO  org.flywaydb.core.FlywayExecutor - Database: jdbc:postgresql://localhost:5433/media3watch (PostgreSQL 16.12)
2026-02-15 10:39:59,463 [DefaultDispatcher-worker-2 @coroutine#17] INFO  o.f.core.internal.command.DbValidate - Successfully validated 2 migrations (execution time 00:00.007s)
2026-02-15 10:39:59,480 [DefaultDispatcher-worker-2 @coroutine#17] INFO  o.f.core.internal.command.DbMigrate - Current version of schema "public": 2
2026-02-15 10:39:59,481 [DefaultDispatcher-worker-2 @coroutine#17] INFO  o.f.core.internal.command.DbMigrate - Schema "public" is up to date. No migration necessary.
2026-02-15 10:39:59,484 [DefaultDispatcher-worker-2 @coroutine#17] INFO  com.media3watch.db.DatabaseFactory - Applied 0 migrations successfully
2026-02-15 10:39:59,490 [DefaultDispatcher-worker-2 @coroutine#17] INFO  Application - Application started successfully
2026-02-15 10:39:59,490 [DefaultDispatcher-worker-2 @call-context#16] INFO  io.ktor.test - Application started in 0.074 seconds.
2026-02-15 10:39:59,490 [DefaultDispatcher-worker-3 @coroutine#18] INFO  io.ktor.test - Responding at http://localhost:80
2026-02-15 10:39:59,491 [DefaultDispatcher-worker-3 @coroutine#18] INFO  io.ktor.test - Responding at https://localhost:443
2026-02-15 10:39:59,498 [DefaultDispatcher-worker-4 @request#16] INFO  io.ktor.test - POST /v1/sessions - 200 OK (7ms)
2026-02-15 10:39:59,503 [DefaultDispatcher-worker-4 @request#26] INFO  io.ktor.test - POST /v1/sessions - 200 OK (2ms)
2026-02-15 10:39:59,526 [DefaultDispatcher-worker-3 @call-context#34] INFO  io.ktor.test - No ktor.deployment.watch patterns specified, automatic reload is not active.
2026-02-15 10:39:59,527 [DefaultDispatcher-worker-3 @coroutine#35] INFO  com.media3watch.db.DatabaseFactory - Initializing HikariCP connection pool
2026-02-15 10:39:59,527 [DefaultDispatcher-worker-3 @coroutine#35] INFO  com.zaxxer.hikari.HikariDataSource - HikariPool-3 - Starting...
2026-02-15 10:39:59,537 [DefaultDispatcher-worker-3 @coroutine#35] INFO  com.zaxxer.hikari.pool.HikariPool - HikariPool-3 - Added connection org.postgresql.jdbc.PgConnection@1f80f0f7
2026-02-15 10:39:59,537 [DefaultDispatcher-worker-3 @coroutine#35] INFO  com.zaxxer.hikari.HikariDataSource - HikariPool-3 - Start completed.
2026-02-15 10:39:59,538 [DefaultDispatcher-worker-3 @coroutine#35] INFO  com.media3watch.db.DatabaseFactory - Running Flyway database migrations
2026-02-15 10:39:59,554 [DefaultDispatcher-worker-3 @coroutine#35] INFO  org.flywaydb.core.FlywayExecutor - Database: jdbc:postgresql://localhost:5433/media3watch (PostgreSQL 16.12)
2026-02-15 10:39:59,582 [DefaultDispatcher-worker-3 @coroutine#35] INFO  o.f.core.internal.command.DbValidate - Successfully validated 2 migrations (execution time 00:00.010s)
2026-02-15 10:39:59,598 [DefaultDispatcher-worker-3 @coroutine#35] INFO  o.f.core.internal.command.DbMigrate - Current version of schema "public": 2
2026-02-15 10:39:59,599 [DefaultDispatcher-worker-3 @coroutine#35] INFO  o.f.core.internal.command.DbMigrate - Schema "public" is up to date. No migration necessary.
2026-02-15 10:39:59,602 [DefaultDispatcher-worker-3 @coroutine#35] INFO  com.media3watch.db.DatabaseFactory - Applied 0 migrations successfully
2026-02-15 10:39:59,608 [DefaultDispatcher-worker-3 @coroutine#35] INFO  Application - Application started successfully
2026-02-15 10:39:59,608 [DefaultDispatcher-worker-3 @call-context#34] INFO  io.ktor.test - Application started in 0.082 seconds.
2026-02-15 10:39:59,608 [DefaultDispatcher-worker-5 @coroutine#36] INFO  io.ktor.test - Responding at http://localhost:80
2026-02-15 10:39:59,608 [DefaultDispatcher-worker-5 @coroutine#36] INFO  io.ktor.test - Responding at https://localhost:443
2026-02-15 10:39:59,612 [DefaultDispatcher-worker-7 @request#34] ERROR SessionsRoutes - Error processing session request
io.ktor.server.plugins.BadRequestException: Failed to convert request body to class com.media3watch.domain.SessionSummary
	at io.ktor.server.plugins.contentnegotiation.RequestConverterKt.convertBody(RequestConverter.kt:69)
	at io.ktor.server.plugins.contentnegotiation.RequestConverterKt.access$convertBody(RequestConverter.kt:1)
	at io.ktor.server.plugins.contentnegotiation.RequestConverterKt$convertRequestBody$1$1.invokeSuspend(RequestConverter.kt:40)
	at io.ktor.server.plugins.contentnegotiation.RequestConverterKt$convertRequestBody$1$1.invoke(RequestConverter.kt)
	at io.ktor.server.plugins.contentnegotiation.RequestConverterKt$convertRequestBody$1$1.invoke(RequestConverter.kt)
	at io.ktor.server.application.OnCallReceiveContext.transformBody(KtorCallContexts.kt:76)
	at io.ktor.server.plugins.contentnegotiation.RequestConverterKt$convertRequestBody$1.invokeSuspend(RequestConverter.kt:28)
	at io.ktor.server.plugins.contentnegotiation.RequestConverterKt$convertRequestBody$1.invoke(RequestConverter.kt)
	at io.ktor.server.plugins.contentnegotiation.RequestConverterKt$convertRequestBody$1.invoke(RequestConverter.kt)
	at io.ktor.server.application.PluginBuilder$onCallReceive$3.invokeSuspend(PluginBuilder.kt:190)
	at io.ktor.server.application.PluginBuilder$onCallReceive$3.invoke(PluginBuilder.kt)
	at io.ktor.server.application.PluginBuilder$onCallReceive$3.invoke(PluginBuilder.kt)
	at io.ktor.server.application.PluginBuilder$onCallReceive$2.invokeSuspend(PluginBuilder.kt:125)
	at io.ktor.server.application.PluginBuilder$onCallReceive$2.invoke(PluginBuilder.kt)
	at io.ktor.server.application.PluginBuilder$onCallReceive$2.invoke(PluginBuilder.kt)
	at io.ktor.server.application.PluginBuilder$onDefaultPhase$1.invokeSuspend(PluginBuilder.kt:245)
	at io.ktor.server.application.PluginBuilder$onDefaultPhase$1.invoke(PluginBuilder.kt)
	at io.ktor.server.application.PluginBuilder$onDefaultPhase$1.invoke(PluginBuilder.kt)
	at io.ktor.server.application.PluginBuilder$onDefaultPhaseWithMessage$1$1$1.invokeSuspend(PluginBuilder.kt:228)
	at io.ktor.server.application.PluginBuilder$onDefaultPhaseWithMessage$1$1$1.invoke(PluginBuilder.kt)
	at io.ktor.server.application.PluginBuilder$onDefaultPhaseWithMessage$1$1$1.invoke(PluginBuilder.kt)
	at io.ktor.util.debug.ContextUtilsKt.addToContextInDebugMode(ContextUtils.kt:34)
	at io.ktor.server.application.PluginBuilder$onDefaultPhaseWithMessage$1$1.invokeSuspend(PluginBuilder.kt:224)
	at io.ktor.server.application.PluginBuilder$onDefaultPhaseWithMessage$1$1.invoke(PluginBuilder.kt)
	at io.ktor.server.application.PluginBuilder$onDefaultPhaseWithMessage$1$1.invoke(PluginBuilder.kt)
	at io.ktor.util.pipeline.DebugPipelineContext.proceedLoop(DebugPipelineContext.kt:79)
	at io.ktor.util.pipeline.DebugPipelineContext.proceed(DebugPipelineContext.kt:57)
	at io.ktor.util.pipeline.DebugPipelineContext.proceedWith(DebugPipelineContext.kt:42)
	at io.ktor.server.auth.ReceiveBytes$install$1.invokeSuspend(AuthenticationInterceptors.kt:171)
	at io.ktor.server.auth.ReceiveBytes$install$1.invoke(AuthenticationInterceptors.kt)
	at io.ktor.server.auth.ReceiveBytes$install$1.invoke(AuthenticationInterceptors.kt)
	at io.ktor.server.application.ApplicationPluginKt$addAllInterceptors$1$1$1.invokeSuspend(ApplicationPlugin.kt:210)
	at io.ktor.server.application.ApplicationPluginKt$addAllInterceptors$1$1$1.invoke(ApplicationPlugin.kt)
	at io.ktor.server.application.ApplicationPluginKt$addAllInterceptors$1$1$1.invoke(ApplicationPlugin.kt)
	at io.ktor.util.pipeline.DebugPipelineContext.proceedLoop(DebugPipelineContext.kt:79)
	at io.ktor.util.pipeline.DebugPipelineContext.proceed(DebugPipelineContext.kt:57)
	at io.ktor.util.pipeline.DebugPipelineContext.execute$ktor_utils(DebugPipelineContext.kt:63)
	at io.ktor.util.pipeline.Pipeline.execute(Pipeline.kt:92)
	at io.ktor.server.application.PipelineCall.receiveNullable$suspendImpl(PipelineCall.kt:118)
	at io.ktor.server.application.PipelineCall.receiveNullable(PipelineCall.kt)
	at io.ktor.server.routing.RoutingPipelineCall.receiveNullable(RoutingPipelineCall.kt:23)
	at io.ktor.server.routing.RoutingCall.receiveNullable(RoutingNode.kt:249)
	at com.media3watch.api.SessionsRoutesKt$sessionsRoutes$1$1.invokeSuspend(SessionsRoutes.kt:84)
	at com.media3watch.api.SessionsRoutesKt$sessionsRoutes$1$1.invoke(SessionsRoutes.kt)
	at com.media3watch.api.SessionsRoutesKt$sessionsRoutes$1$1.invoke(SessionsRoutes.kt)
	at io.ktor.server.routing.RoutingNode$buildPipeline$1$1.invokeSuspend(RoutingNode.kt:127)
	at io.ktor.server.routing.RoutingNode$buildPipeline$1$1.invoke(RoutingNode.kt)
	at io.ktor.server.routing.RoutingNode$buildPipeline$1$1.invoke(RoutingNode.kt)
	at io.ktor.util.pipeline.DebugPipelineContext.proceedLoop(DebugPipelineContext.kt:79)
	at io.ktor.util.pipeline.DebugPipelineContext.proceed(DebugPipelineContext.kt:57)
	at io.ktor.util.pipeline.DebugPipelineContext.execute$ktor_utils(DebugPipelineContext.kt:63)
	at io.ktor.util.pipeline.Pipeline.execute(Pipeline.kt:92)
	at io.ktor.server.routing.RoutingRoot$executeResult$$inlined$execute$1.invokeSuspend(Pipeline.kt:510)
	at io.ktor.server.routing.RoutingRoot$executeResult$$inlined$execute$1.invoke(Pipeline.kt)
	at io.ktor.server.routing.RoutingRoot$executeResult$$inlined$execute$1.invoke(Pipeline.kt)
	at io.ktor.util.debug.ContextUtilsKt.initContextInDebugMode(ContextUtils.kt:19)
	at io.ktor.server.routing.RoutingRoot.executeResult(RoutingRoot.kt:212)
	at io.ktor.server.routing.RoutingRoot.interceptor(RoutingRoot.kt:71)
	at io.ktor.server.routing.RoutingRoot$Plugin$install$1.invokeSuspend(RoutingRoot.kt:157)
	at io.ktor.server.routing.RoutingRoot$Plugin$install$1.invoke(RoutingRoot.kt)
	at io.ktor.server.routing.RoutingRoot$Plugin$install$1.invoke(RoutingRoot.kt)
	at io.ktor.util.pipeline.DebugPipelineContext.proceedLoop(DebugPipelineContext.kt:79)
	at io.ktor.util.pipeline.DebugPipelineContext.proceed(DebugPipelineContext.kt:57)
	at io.ktor.server.engine.BaseApplicationEngineKt$installDefaultTransformationChecker$1.invokeSuspend(BaseApplicationEngine.kt:119)
	at io.ktor.server.engine.BaseApplicationEngineKt$installDefaultTransformationChecker$1.invoke(BaseApplicationEngine.kt)
	at io.ktor.server.engine.BaseApplicationEngineKt$installDefaultTransformationChecker$1.invoke(BaseApplicationEngine.kt)
	at io.ktor.util.pipeline.DebugPipelineContext.proceedLoop(DebugPipelineContext.kt:79)
	at io.ktor.util.pipeline.DebugPipelineContext.proceed(DebugPipelineContext.kt:57)
	at io.ktor.server.application.hooks.CallFailed$install$1$1.invokeSuspend(CommonHooks.kt:49)
	at io.ktor.server.application.hooks.CallFailed$install$1$1.invoke(CommonHooks.kt)
	at io.ktor.server.application.hooks.CallFailed$install$1$1.invoke(CommonHooks.kt)
	at kotlinx.coroutines.intrinsics.UndispatchedKt.startUndspatched(Undispatched.kt:66)
	at kotlinx.coroutines.intrinsics.UndispatchedKt.startUndispatchedOrReturn(Undispatched.kt:43)
	at kotlinx.coroutines.CoroutineScopeKt.coroutineScope(CoroutineScope.kt:286)
	at io.ktor.server.application.hooks.CallFailed$install$1.invokeSuspend(CommonHooks.kt:48)
	at io.ktor.server.application.hooks.CallFailed$install$1.invoke(CommonHooks.kt)
	at io.ktor.server.application.hooks.CallFailed$install$1.invoke(CommonHooks.kt)
	at io.ktor.util.pipeline.DebugPipelineContext.proceedLoop(DebugPipelineContext.kt:79)
	at io.ktor.util.pipeline.DebugPipelineContext.proceed(DebugPipelineContext.kt:57)
	at io.ktor.util.pipeline.DebugPipelineContext.execute$ktor_utils(DebugPipelineContext.kt:63)
	at io.ktor.util.pipeline.Pipeline.execute(Pipeline.kt:92)
	at io.ktor.server.testing.TestApplicationEngine$2$invokeSuspend$$inlined$execute$1.invokeSuspend(Pipeline.kt:510)
	at io.ktor.server.testing.TestApplicationEngine$2$invokeSuspend$$inlined$execute$1.invoke(Pipeline.kt)
	at io.ktor.server.testing.TestApplicationEngine$2$invokeSuspend$$inlined$execute$1.invoke(Pipeline.kt)
	at io.ktor.util.debug.ContextUtilsKt.initContextInDebugMode(ContextUtils.kt:19)
	at io.ktor.server.testing.TestApplicationEngine$2.invokeSuspend(TestApplicationEngine.kt:242)
	at io.ktor.server.testing.TestApplicationEngine$2.invoke(TestApplicationEngine.kt)
	at io.ktor.server.testing.TestApplicationEngine$2.invoke(TestApplicationEngine.kt)
	at io.ktor.server.testing.TestApplicationEngine$1.invokeSuspend(TestApplicationEngine.kt:105)
	at io.ktor.server.testing.TestApplicationEngine$1.invoke(TestApplicationEngine.kt)
	at io.ktor.server.testing.TestApplicationEngine$1.invoke(TestApplicationEngine.kt)
	at io.ktor.util.pipeline.DebugPipelineContext.proceedLoop(DebugPipelineContext.kt:79)
	at io.ktor.util.pipeline.DebugPipelineContext.proceed(DebugPipelineContext.kt:57)
	at io.ktor.server.engine.BaseApplicationResponse$Companion$setupFallbackResponse$1.invokeSuspend(BaseApplicationResponse.kt:349)
	at io.ktor.server.engine.BaseApplicationResponse$Companion$setupFallbackResponse$1.invoke(BaseApplicationResponse.kt)
	at io.ktor.server.engine.BaseApplicationResponse$Companion$setupFallbackResponse$1.invoke(BaseApplicationResponse.kt)
	at io.ktor.util.pipeline.DebugPipelineContext.proceedLoop(DebugPipelineContext.kt:79)
	at io.ktor.util.pipeline.DebugPipelineContext.proceed(DebugPipelineContext.kt:57)
	at io.ktor.util.pipeline.DebugPipelineContext.execute$ktor_utils(DebugPipelineContext.kt:63)
	at io.ktor.util.pipeline.Pipeline.execute(Pipeline.kt:92)
	at io.ktor.server.testing.TestApplicationEngine$handleRequest$2$invokeSuspend$$inlined$execute$1.invokeSuspend(Pipeline.kt:510)
	at io.ktor.server.testing.TestApplicationEngine$handleRequest$2$invokeSuspend$$inlined$execute$1.invoke(Pipeline.kt)
	at io.ktor.server.testing.TestApplicationEngine$handleRequest$2$invokeSuspend$$inlined$execute$1.invoke(Pipeline.kt)
	at io.ktor.util.debug.ContextUtilsKt.initContextInDebugMode(ContextUtils.kt:19)
	at io.ktor.server.testing.TestApplicationEngine$handleRequest$2.invokeSuspend(TestApplicationEngine.kt:241)
	at io.ktor.server.testing.TestApplicationEngine$handleRequest$2.invoke(TestApplicationEngine.kt)
	at io.ktor.server.testing.TestApplicationEngine$handleRequest$2.invoke(TestApplicationEngine.kt)
	at kotlinx.coroutines.intrinsics.UndispatchedKt.startUndspatched(Undispatched.kt:66)
	at kotlinx.coroutines.intrinsics.UndispatchedKt.startUndispatchedOrReturn(Undispatched.kt:43)
	at kotlinx.coroutines.BuildersKt__Builders_commonKt.withContext(Builders.common.kt:165)
	at kotlinx.coroutines.BuildersKt.withContext(Unknown Source)
	at io.ktor.server.testing.TestApplicationEngine.handleRequest$ktor_server_test_host(TestApplicationEngine.kt:206)
	at io.ktor.server.testing.TestApplicationEngine.handleRequest$ktor_server_test_host$default(TestApplicationEngine.kt:189)
	at io.ktor.server.testing.client.TestHttpClientEngine.runRequest(TestHttpClientEngine.kt:88)
	at io.ktor.server.testing.client.TestHttpClientEngine.execute(TestHttpClientEngine.kt:56)
	at io.ktor.server.testing.client.DelegatingTestClientEngine.execute(DelegatingTestClientEngine.kt:58)
	at io.ktor.server.testing.client.DelegatingTestClientEngine$execute$1.invokeSuspend(DelegatingTestClientEngine.kt)
	at kotlin.coroutines.jvm.internal.BaseContinuationImpl.resumeWith(ContinuationImpl.kt:34)
	at kotlinx.coroutines.DispatchedTask.run(DispatchedTask.kt:100)
	at kotlinx.coroutines.internal.LimitedDispatcher$Worker.run(LimitedDispatcher.kt:124)
	at kotlinx.coroutines.scheduling.TaskImpl.run(Tasks.kt:89)
	at kotlinx.coroutines.scheduling.CoroutineScheduler.runSafely(CoroutineScheduler.kt:586)
	at kotlinx.coroutines.scheduling.CoroutineScheduler$Worker.executeTask(CoroutineScheduler.kt:820)
	at kotlinx.coroutines.scheduling.CoroutineScheduler$Worker.runWorker(CoroutineScheduler.kt:717)
	at kotlinx.coroutines.scheduling.CoroutineScheduler$Worker.run(CoroutineScheduler.kt:704)
Caused by: io.ktor.serialization.JsonConvertException: Illegal input: Fields [timestamp, sessionStartDateIso, sessionDurationMs] are required for type with serial name 'com.media3watch.domain.SessionSummary', but they were missing at path: $
	at io.ktor.serialization.kotlinx.KotlinxSerializationConverter.deserialize(KotlinxSerializationConverter.kt:79)
	at io.ktor.server.plugins.contentnegotiation.RequestConverterKt.convertBody(RequestConverter.kt:67)
	... 124 common frames omitted
Caused by: kotlinx.serialization.MissingFieldException: Fields [timestamp, sessionStartDateIso, sessionDurationMs] are required for type with serial name 'com.media3watch.domain.SessionSummary', but they were missing at path: $
	at kotlinx.serialization.json.internal.StreamingJsonDecoder.decodeSerializableValue(StreamingJsonDecoder.kt:95)
	at kotlinx.serialization.json.Json.decodeFromString(Json.kt:149)
	at io.ktor.serialization.kotlinx.KotlinxSerializationConverter.deserialize(KotlinxSerializationConverter.kt:71)
	... 125 common frames omitted
Caused by: kotlinx.serialization.MissingFieldException: Fields [timestamp, sessionStartDateIso, sessionDurationMs] are required for type with serial name 'com.media3watch.domain.SessionSummary', but they were missing
	at kotlinx.serialization.internal.PluginExceptionsKt.throwMissingFieldException(PluginExceptions.kt:20)
	at com.media3watch.domain.SessionSummary.<init>(SessionSummary.kt:5)
	at com.media3watch.domain.SessionSummary$$serializer.deserialize(SessionSummary.kt:5)
	at com.media3watch.domain.SessionSummary$$serializer.deserialize(SessionSummary.kt:5)
	at kotlinx.serialization.json.internal.StreamingJsonDecoder.decodeSerializableValue(StreamingJsonDecoder.kt:69)
	... 127 common frames omitted
2026-02-15 10:39:59,625 [DefaultDispatcher-worker-7 @request#34] INFO  io.ktor.test - POST /v1/sessions - 400 Bad Request (16ms)
]]></system-out>
  <system-err><![CDATA[]]></system-err>
</testsuite>
